<?xml version="1.0" encoding="UTF-8"?>
<!-- Generated by org.testng.reporters.JUnitReportReporter -->
<testsuite hostname="DESKTOP-GGQ6OF8" failures="0" tests="1" name="testlayer.ContactTest" time="6.469" errors="0" timestamp="2024-06-15T11:43:05 IST" skipped="0">
  <testcase classname="testlayer.ContactTest" name="contacttest" time="6.469"/>
</testsuite> <!-- testlayer.ContactTest -->
